-------------------------------------------------------------------------------
Test set: com.demo.librarysystem.CategoryServiceTest
-------------------------------------------------------------------------------
Tests run: 1, Failures: 0, Errors: 1, Skipped: 0, Time elapsed: 0 s <<< FAILURE! - in com.demo.librarysystem.CategoryServiceTest
initializationError  Time elapsed: 0 s  <<< ERROR!
org.junit.runners.model.InvalidTestClassError: 
Invalid test class 'com.demo.librarysystem.CategoryServiceTest':
  1. No runnable methods

